17-Dec-2018 08:47:39.465 INFOS [main] org.apache.catalina.startup.VersionLoggerListener.log Server version:        Apache Tomcat/8.5.35
17-Dec-2018 08:47:39.465 INFOS [main] org.apache.catalina.startup.VersionLoggerListener.log Server built:          Nov 3 2018 17:39:20 UTC
17-Dec-2018 08:47:39.465 INFOS [main] org.apache.catalina.startup.VersionLoggerListener.log Server number:         8.5.35.0
17-Dec-2018 08:47:39.465 INFOS [main] org.apache.catalina.startup.VersionLoggerListener.log OS Name:               Windows 7
17-Dec-2018 08:47:39.465 INFOS [main] org.apache.catalina.startup.VersionLoggerListener.log OS Version:            6.1
17-Dec-2018 08:47:39.465 INFOS [main] org.apache.catalina.startup.VersionLoggerListener.log Architecture:          amd64
17-Dec-2018 08:47:39.465 INFOS [main] org.apache.catalina.startup.VersionLoggerListener.log Java Home:             C:\Program Files\Java\jdk1.8.0_181\jre
17-Dec-2018 08:47:39.465 INFOS [main] org.apache.catalina.startup.VersionLoggerListener.log JVM Version:           1.8.0_181-b13
17-Dec-2018 08:47:39.465 INFOS [main] org.apache.catalina.startup.VersionLoggerListener.log JVM Vendor:            Oracle Corporation
17-Dec-2018 08:47:39.465 INFOS [main] org.apache.catalina.startup.VersionLoggerListener.log CATALINA_BASE:         Z:\PROG\Java\java_servlet\apache-tomcat-8.5.35
17-Dec-2018 08:47:39.465 INFOS [main] org.apache.catalina.startup.VersionLoggerListener.log CATALINA_HOME:         Z:\PROG\Java\java_servlet\apache-tomcat-8.5.35
17-Dec-2018 08:47:39.465 INFOS [main] org.apache.catalina.startup.VersionLoggerListener.log Command line argument: -Djava.util.logging.config.file=Z:\PROG\Java\java_servlet\apache-tomcat-8.5.35\conf\logging.properties
17-Dec-2018 08:47:39.465 INFOS [main] org.apache.catalina.startup.VersionLoggerListener.log Command line argument: -Djava.util.logging.manager=org.apache.juli.ClassLoaderLogManager
17-Dec-2018 08:47:39.465 INFOS [main] org.apache.catalina.startup.VersionLoggerListener.log Command line argument: -Dhttp.nonProxyHosts=localhost|127.0.0.1|IUTDOUAB2PC30
17-Dec-2018 08:47:39.465 INFOS [main] org.apache.catalina.startup.VersionLoggerListener.log Command line argument: -Djdk.tls.ephemeralDHKeySize=2048
17-Dec-2018 08:47:39.465 INFOS [main] org.apache.catalina.startup.VersionLoggerListener.log Command line argument: -Djava.protocol.handler.pkgs=org.apache.catalina.webresources
17-Dec-2018 08:47:39.465 INFOS [main] org.apache.catalina.startup.VersionLoggerListener.log Command line argument: -Dignore.endorsed.dirs=
17-Dec-2018 08:47:39.465 INFOS [main] org.apache.catalina.startup.VersionLoggerListener.log Command line argument: -Dcatalina.base=Z:\PROG\Java\java_servlet\apache-tomcat-8.5.35
17-Dec-2018 08:47:39.465 INFOS [main] org.apache.catalina.startup.VersionLoggerListener.log Command line argument: -Dcatalina.home=Z:\PROG\Java\java_servlet\apache-tomcat-8.5.35
17-Dec-2018 08:47:39.465 INFOS [main] org.apache.catalina.startup.VersionLoggerListener.log Command line argument: -Djava.io.tmpdir=Z:\PROG\Java\java_servlet\apache-tomcat-8.5.35\temp
17-Dec-2018 08:47:39.465 INFOS [main] org.apache.catalina.core.AprLifecycleListener.lifecycleEvent The APR based Apache Tomcat Native library which allows optimal performance in production environments was not found on the java.library.path: [C:\Program Files\Java\jdk1.8.0_181\bin;C:\Windows\Sun\Java\bin;C:\Windows\system32;C:\Windows;C:\app2\client\product\12.1.0\client_1;C:\app2\client\product\12.1.0\client_1\bin;C:\app\Oracle\product\12.1.0\client_1\bin;C:\Program Files (x86)\Python37-32\Scripts\;C:\Program Files (x86)\Python37-32\;C:\Program Files (x86)\Common Files\Oracle\Java\javapath;C:\Program Files (x86)\Intel\Intel(R) Management Engine Components\iCLS\;C:\Program Files\Intel\Intel(R) Management Engine Components\iCLS\;C:\Windows\system32;C:\Windows;C:\Windows\System32\Wbem;C:\Windows\System32\WindowsPowerShell\v1.0\;C:\Program Files (x86)\Intel\UCRT\;C:\Program Files\Intel\UCRT\;C:\Program Files (x86)\Intel\Intel(R) Management Engine Components\DAL;C:\Program Files\Intel\Intel(R) Management Engine Components\DAL;C:\Program Files (x86)\Intel\Intel(R) Management Engine Components\IPT;C:\Program Files\Intel\Intel(R) Management Engine Components\IPT;C:\Program Files (x86)\Java\jdk1.8.0_181\bin;C:\Program Files\Java\jdk1.8.0_181\bin;C:\Program Files\MongoDB\Server\4.0\bin;C:\Program Files\dotnet\;C:\Program Files\Microsoft SQL Server\130\Tools\Binn\;C:\Program Files\Git\cmd;C:\Program Files\TortoiseGit\bin;C:\Program Files\TortoiseHg\;.]
17-Dec-2018 08:47:39.949 INFOS [main] org.apache.coyote.AbstractProtocol.init Initializing ProtocolHandler ["http-nio-8080"]
17-Dec-2018 08:47:45.206 INFOS [main] org.apache.tomcat.util.net.NioSelectorPool.getSharedSelector Using a shared selector for servlet write/read
17-Dec-2018 08:47:45.237 INFOS [main] org.apache.coyote.AbstractProtocol.init Initializing ProtocolHandler ["ajp-nio-8009"]
17-Dec-2018 08:47:45.237 INFOS [main] org.apache.tomcat.util.net.NioSelectorPool.getSharedSelector Using a shared selector for servlet write/read
17-Dec-2018 08:47:45.237 INFOS [main] org.apache.catalina.startup.Catalina.load Initialization processed in 6747 ms
17-Dec-2018 08:47:45.409 INFOS [main] org.apache.catalina.core.StandardService.startInternal Démarrage du service [Catalina]
17-Dec-2018 08:47:45.409 INFOS [main] org.apache.catalina.core.StandardEngine.startInternal Starting Servlet Engine: Apache Tomcat/8.5.35
17-Dec-2018 08:47:45.487 INFOS [localhost-startStop-1] org.apache.catalina.startup.HostConfig.deployDescriptor Déploiement du descripteur de configuration [Z:\PROG\Java\java_servlet\apache-tomcat-8.5.35\conf\Catalina\localhost\premierProjetWeb.xml]
17-Dec-2018 08:47:49.153 INFOS [localhost-startStop-1] org.apache.catalina.startup.HostConfig.deployDescriptor Deployment of configuration descriptor [Z:\PROG\Java\java_servlet\apache-tomcat-8.5.35\conf\Catalina\localhost\premierProjetWeb.xml] has finished in [3 666] ms
17-Dec-2018 08:47:49.153 INFOS [localhost-startStop-1] org.apache.catalina.startup.HostConfig.deployDirectory Déploiement du répertoire [Z:\PROG\Java\java_servlet\apache-tomcat-8.5.35\webapps\notreApp] de l'application web
17-Dec-2018 08:47:49.684 INFOS [localhost-startStop-1] org.apache.catalina.startup.HostConfig.deployDirectory Deployment of web application directory [Z:\PROG\Java\java_servlet\apache-tomcat-8.5.35\webapps\notreApp] has finished in [531] ms
17-Dec-2018 08:47:49.684 INFOS [localhost-startStop-1] org.apache.catalina.startup.HostConfig.deployDirectory Déploiement du répertoire [Z:\PROG\Java\java_servlet\apache-tomcat-8.5.35\webapps\host-manager] de l'application web
17-Dec-2018 08:47:50.168 INFOS [localhost-startStop-1] org.apache.catalina.startup.HostConfig.deployDirectory Deployment of web application directory [Z:\PROG\Java\java_servlet\apache-tomcat-8.5.35\webapps\host-manager] has finished in [484] ms
17-Dec-2018 08:47:50.168 INFOS [localhost-startStop-1] org.apache.catalina.startup.HostConfig.deployDirectory Déploiement du répertoire [Z:\PROG\Java\java_servlet\apache-tomcat-8.5.35\webapps\Application] de l'application web
17-Dec-2018 08:47:51.135 INFOS [localhost-startStop-1] org.apache.catalina.startup.HostConfig.deployDirectory Deployment of web application directory [Z:\PROG\Java\java_servlet\apache-tomcat-8.5.35\webapps\Application] has finished in [967] ms
17-Dec-2018 08:47:51.135 INFOS [localhost-startStop-1] org.apache.catalina.startup.HostConfig.deployDirectory Déploiement du répertoire [Z:\PROG\Java\java_servlet\apache-tomcat-8.5.35\webapps\docs] de l'application web
17-Dec-2018 08:47:51.712 INFOS [localhost-startStop-1] org.apache.catalina.startup.HostConfig.deployDirectory Deployment of web application directory [Z:\PROG\Java\java_servlet\apache-tomcat-8.5.35\webapps\docs] has finished in [577] ms
17-Dec-2018 08:47:51.712 INFOS [localhost-startStop-1] org.apache.catalina.startup.HostConfig.deployDirectory Déploiement du répertoire [Z:\PROG\Java\java_servlet\apache-tomcat-8.5.35\webapps\manager] de l'application web
17-Dec-2018 08:47:52.367 INFOS [localhost-startStop-1] org.apache.catalina.startup.HostConfig.deployDirectory Deployment of web application directory [Z:\PROG\Java\java_servlet\apache-tomcat-8.5.35\webapps\manager] has finished in [655] ms
17-Dec-2018 08:47:52.367 INFOS [localhost-startStop-1] org.apache.catalina.startup.HostConfig.deployDirectory Déploiement du répertoire [Z:\PROG\Java\java_servlet\apache-tomcat-8.5.35\webapps\examples] de l'application web
17-Dec-2018 08:48:03.396 INFOS [localhost-startStop-1] org.apache.catalina.startup.HostConfig.deployDirectory Deployment of web application directory [Z:\PROG\Java\java_servlet\apache-tomcat-8.5.35\webapps\examples] has finished in [11 029] ms
17-Dec-2018 08:48:03.396 INFOS [localhost-startStop-1] org.apache.catalina.startup.HostConfig.deployDirectory Déploiement du répertoire [Z:\PROG\Java\java_servlet\apache-tomcat-8.5.35\webapps\ROOT] de l'application web
17-Dec-2018 08:48:03.942 INFOS [localhost-startStop-1] org.apache.catalina.startup.HostConfig.deployDirectory Deployment of web application directory [Z:\PROG\Java\java_servlet\apache-tomcat-8.5.35\webapps\ROOT] has finished in [546] ms
17-Dec-2018 08:48:03.958 INFOS [main] org.apache.coyote.AbstractProtocol.start Starting ProtocolHandler ["http-nio-8080"]
17-Dec-2018 08:48:04.020 INFOS [main] org.apache.coyote.AbstractProtocol.start Starting ProtocolHandler ["ajp-nio-8009"]
17-Dec-2018 08:48:04.020 INFOS [main] org.apache.catalina.startup.Catalina.start Server startup in 18785 ms
17-Dec-2018 08:48:14.784 INFOS [http-nio-8080-exec-2] org.apache.catalina.startup.HostConfig.deployDescriptor Déploiement du descripteur de configuration [Z:\PROG\Java\java_servlet\apache-tomcat-8.5.35\conf\Catalina\localhost\NotreApplication.xml]
17-Dec-2018 08:48:15.502 INFOS [http-nio-8080-exec-2] org.apache.catalina.startup.HostConfig.deployDescriptor Deployment of configuration descriptor [Z:\PROG\Java\java_servlet\apache-tomcat-8.5.35\conf\Catalina\localhost\NotreApplication.xml] has finished in [718] ms
17-Dec-2018 08:48:15.502 INFOS [http-nio-8080-exec-8] org.apache.catalina.util.LifecycleBase.start The start() method was called on component [StandardEngine[Catalina].StandardHost[localhost].StandardContext[/NotreApplication]] after start() had already been called. The second call will be ignored.
17-Dec-2018 08:55:20.478 INFOS [http-nio-8080-exec-2] org.apache.catalina.core.StandardContext.reload Le rechargement du contexte [/NotreApplication] a démarré
17-Dec-2018 08:55:21.492 INFOS [http-nio-8080-exec-2] org.apache.catalina.core.StandardContext.reload Le rechargement de ce contexte est terminé
17-Dec-2018 08:55:21.633 INFOS [http-nio-8080-exec-6] org.apache.catalina.core.StandardContext.reload Le rechargement du contexte [/NotreApplication] a démarré
17-Dec-2018 08:55:22.085 INFOS [http-nio-8080-exec-6] org.apache.catalina.core.StandardContext.reload Le rechargement de ce contexte est terminé
17-Dec-2018 08:56:59.289 INFOS [http-nio-8080-exec-8] org.apache.catalina.core.StandardContext.reload Le rechargement du contexte [/NotreApplication] a démarré
17-Dec-2018 08:57:00.318 INFOS [http-nio-8080-exec-8] org.apache.catalina.core.StandardContext.reload Le rechargement de ce contexte est terminé
17-Dec-2018 08:57:00.568 INFOS [http-nio-8080-exec-10] org.apache.catalina.core.StandardContext.reload Le rechargement du contexte [/NotreApplication] a démarré
17-Dec-2018 08:57:01.207 INFOS [http-nio-8080-exec-10] org.apache.catalina.core.StandardContext.reload Le rechargement de ce contexte est terminé
17-Dec-2018 08:57:50.347 INFOS [http-nio-8080-exec-9] org.apache.catalina.core.StandardContext.reload Le rechargement du contexte [/NotreApplication] a démarré
17-Dec-2018 08:57:51.408 INFOS [http-nio-8080-exec-9] org.apache.catalina.core.StandardContext.reload Le rechargement de ce contexte est terminé
17-Dec-2018 08:57:51.580 INFOS [http-nio-8080-exec-6] org.apache.catalina.core.StandardContext.reload Le rechargement du contexte [/NotreApplication] a démarré
17-Dec-2018 08:57:52.219 INFOS [http-nio-8080-exec-6] org.apache.catalina.core.StandardContext.reload Le rechargement de ce contexte est terminé
17-Dec-2018 08:58:43.294 INFOS [http-nio-8080-exec-12] org.apache.catalina.core.StandardContext.reload Le rechargement du contexte [/NotreApplication] a démarré
17-Dec-2018 08:58:44.682 INFOS [http-nio-8080-exec-12] org.apache.catalina.core.StandardContext.reload Le rechargement de ce contexte est terminé
17-Dec-2018 09:00:02.403 INFOS [http-nio-8080-exec-18] org.apache.catalina.core.StandardContext.reload Le rechargement du contexte [/NotreApplication] a démarré
17-Dec-2018 09:00:03.495 INFOS [http-nio-8080-exec-18] org.apache.catalina.core.StandardContext.reload Le rechargement de ce contexte est terminé
17-Dec-2018 09:00:53.384 INFOS [http-nio-8080-exec-20] org.apache.catalina.core.StandardContext.reload Le rechargement du contexte [/NotreApplication] a démarré
17-Dec-2018 09:01:03.649 INFOS [http-nio-8080-exec-20] org.apache.jasper.servlet.TldScanner.scanJars At least one JAR was scanned for TLDs yet contained no TLDs. Enable debug logging for this logger for a complete list of JARs that were scanned but no TLDs were found in them. Skipping unneeded JARs during scanning can improve startup time and JSP compilation time.
17-Dec-2018 09:01:03.696 INFOS [http-nio-8080-exec-20] org.apache.catalina.core.StandardContext.reload Le rechargement de ce contexte est terminé
17-Dec-2018 09:01:03.914 INFOS [http-nio-8080-exec-7] org.apache.catalina.core.StandardContext.reload Le rechargement du contexte [/NotreApplication] a démarré
17-Dec-2018 09:01:15.411 INFOS [http-nio-8080-exec-7] org.apache.jasper.servlet.TldScanner.scanJars At least one JAR was scanned for TLDs yet contained no TLDs. Enable debug logging for this logger for a complete list of JARs that were scanned but no TLDs were found in them. Skipping unneeded JARs during scanning can improve startup time and JSP compilation time.
17-Dec-2018 09:01:15.458 INFOS [http-nio-8080-exec-7] org.apache.catalina.core.StandardContext.reload Le rechargement de ce contexte est terminé
17-Dec-2018 09:01:15.692 INFOS [http-nio-8080-exec-21] org.apache.catalina.core.StandardContext.reload Le rechargement du contexte [/NotreApplication] a démarré
17-Dec-2018 09:01:27.720 INFOS [http-nio-8080-exec-21] org.apache.jasper.servlet.TldScanner.scanJars At least one JAR was scanned for TLDs yet contained no TLDs. Enable debug logging for this logger for a complete list of JARs that were scanned but no TLDs were found in them. Skipping unneeded JARs during scanning can improve startup time and JSP compilation time.
17-Dec-2018 09:01:27.798 INFOS [http-nio-8080-exec-21] org.apache.catalina.core.StandardContext.reload Le rechargement de ce contexte est terminé
17-Dec-2018 09:01:58.826 INFOS [http-nio-8080-exec-27] org.apache.catalina.core.StandardContext.reload Le rechargement du contexte [/NotreApplication] a démarré
17-Dec-2018 09:02:10.651 INFOS [http-nio-8080-exec-27] org.apache.jasper.servlet.TldScanner.scanJars At least one JAR was scanned for TLDs yet contained no TLDs. Enable debug logging for this logger for a complete list of JARs that were scanned but no TLDs were found in them. Skipping unneeded JARs during scanning can improve startup time and JSP compilation time.
17-Dec-2018 09:02:10.713 INFOS [http-nio-8080-exec-27] org.apache.catalina.core.StandardContext.reload Le rechargement de ce contexte est terminé
17-Dec-2018 09:04:39.969 INFOS [http-nio-8080-exec-29] org.apache.catalina.core.StandardContext.reload Le rechargement du contexte [/NotreApplication] a démarré
17-Dec-2018 09:04:53.683 INFOS [http-nio-8080-exec-29] org.apache.jasper.servlet.TldScanner.scanJars At least one JAR was scanned for TLDs yet contained no TLDs. Enable debug logging for this logger for a complete list of JARs that were scanned but no TLDs were found in them. Skipping unneeded JARs during scanning can improve startup time and JSP compilation time.
17-Dec-2018 09:04:53.745 INFOS [http-nio-8080-exec-29] org.apache.catalina.core.StandardContext.reload Le rechargement de ce contexte est terminé
17-Dec-2018 09:05:14.509 INFOS [http-nio-8080-exec-30] org.apache.catalina.core.StandardContext.reload Le rechargement du contexte [/NotreApplication] a démarré
17-Dec-2018 09:05:25.773 INFOS [http-nio-8080-exec-30] org.apache.jasper.servlet.TldScanner.scanJars At least one JAR was scanned for TLDs yet contained no TLDs. Enable debug logging for this logger for a complete list of JARs that were scanned but no TLDs were found in them. Skipping unneeded JARs during scanning can improve startup time and JSP compilation time.
17-Dec-2018 09:05:25.835 INFOS [http-nio-8080-exec-30] org.apache.catalina.core.StandardContext.reload Le rechargement de ce contexte est terminé
17-Dec-2018 09:05:26.085 INFOS [http-nio-8080-exec-24] org.apache.catalina.core.StandardContext.reload Le rechargement du contexte [/NotreApplication] a démarré
17-Dec-2018 09:05:38.721 INFOS [http-nio-8080-exec-24] org.apache.jasper.servlet.TldScanner.scanJars At least one JAR was scanned for TLDs yet contained no TLDs. Enable debug logging for this logger for a complete list of JARs that were scanned but no TLDs were found in them. Skipping unneeded JARs during scanning can improve startup time and JSP compilation time.
17-Dec-2018 09:05:38.799 INFOS [http-nio-8080-exec-24] org.apache.catalina.core.StandardContext.reload Le rechargement de ce contexte est terminé
17-Dec-2018 09:06:29.749 INFOS [http-nio-8080-exec-37] org.apache.catalina.core.StandardContext.reload Le rechargement du contexte [/NotreApplication] a démarré
17-Dec-2018 09:06:41.793 INFOS [http-nio-8080-exec-37] org.apache.jasper.servlet.TldScanner.scanJars At least one JAR was scanned for TLDs yet contained no TLDs. Enable debug logging for this logger for a complete list of JARs that were scanned but no TLDs were found in them. Skipping unneeded JARs during scanning can improve startup time and JSP compilation time.
17-Dec-2018 09:06:41.855 INFOS [http-nio-8080-exec-37] org.apache.catalina.core.StandardContext.reload Le rechargement de ce contexte est terminé
17-Dec-2018 09:07:06.831 INFOS [http-nio-8080-exec-28] org.apache.catalina.core.StandardContext.reload Le rechargement du contexte [/NotreApplication] a démarré
17-Dec-2018 09:07:19.093 INFOS [http-nio-8080-exec-28] org.apache.jasper.servlet.TldScanner.scanJars At least one JAR was scanned for TLDs yet contained no TLDs. Enable debug logging for this logger for a complete list of JARs that were scanned but no TLDs were found in them. Skipping unneeded JARs during scanning can improve startup time and JSP compilation time.
17-Dec-2018 09:07:19.140 INFOS [http-nio-8080-exec-28] org.apache.catalina.core.StandardContext.reload Le rechargement de ce contexte est terminé
17-Dec-2018 09:10:19.917 INFOS [http-nio-8080-exec-43] org.apache.catalina.core.StandardContext.reload Le rechargement du contexte [/NotreApplication] a démarré
17-Dec-2018 09:10:31.145 INFOS [http-nio-8080-exec-43] org.apache.jasper.servlet.TldScanner.scanJars At least one JAR was scanned for TLDs yet contained no TLDs. Enable debug logging for this logger for a complete list of JARs that were scanned but no TLDs were found in them. Skipping unneeded JARs during scanning can improve startup time and JSP compilation time.
17-Dec-2018 09:10:31.180 INFOS [http-nio-8080-exec-43] org.apache.catalina.core.StandardContext.reload Le rechargement de ce contexte est terminé
17-Dec-2018 09:21:33.396 INFOS [http-nio-8080-exec-50] org.apache.catalina.core.StandardContext.reload Le rechargement du contexte [/NotreApplication] a démarré
17-Dec-2018 09:21:45.605 INFOS [http-nio-8080-exec-50] org.apache.jasper.servlet.TldScanner.scanJars At least one JAR was scanned for TLDs yet contained no TLDs. Enable debug logging for this logger for a complete list of JARs that were scanned but no TLDs were found in them. Skipping unneeded JARs during scanning can improve startup time and JSP compilation time.
17-Dec-2018 09:21:45.651 INFOS [http-nio-8080-exec-50] org.apache.catalina.core.StandardContext.reload Le rechargement de ce contexte est terminé
17-Dec-2018 09:21:45.840 INFOS [http-nio-8080-exec-54] org.apache.catalina.core.StandardContext.reload Le rechargement du contexte [/NotreApplication] a démarré
17-Dec-2018 09:21:57.748 INFOS [http-nio-8080-exec-54] org.apache.jasper.servlet.TldScanner.scanJars At least one JAR was scanned for TLDs yet contained no TLDs. Enable debug logging for this logger for a complete list of JARs that were scanned but no TLDs were found in them. Skipping unneeded JARs during scanning can improve startup time and JSP compilation time.
17-Dec-2018 09:21:57.803 INFOS [http-nio-8080-exec-54] org.apache.catalina.core.StandardContext.reload Le rechargement de ce contexte est terminé
17-Dec-2018 09:21:58.070 INFOS [http-nio-8080-exec-53] org.apache.catalina.core.StandardContext.reload Le rechargement du contexte [/NotreApplication] a démarré
17-Dec-2018 09:22:11.430 INFOS [http-nio-8080-exec-53] org.apache.jasper.servlet.TldScanner.scanJars At least one JAR was scanned for TLDs yet contained no TLDs. Enable debug logging for this logger for a complete list of JARs that were scanned but no TLDs were found in them. Skipping unneeded JARs during scanning can improve startup time and JSP compilation time.
17-Dec-2018 09:22:11.483 INFOS [http-nio-8080-exec-53] org.apache.catalina.core.StandardContext.reload Le rechargement de ce contexte est terminé
17-Dec-2018 09:22:34.502 INFOS [http-nio-8080-exec-58] org.apache.catalina.core.StandardContext.reload Le rechargement du contexte [/NotreApplication] a démarré
17-Dec-2018 09:22:46.434 INFOS [http-nio-8080-exec-58] org.apache.jasper.servlet.TldScanner.scanJars At least one JAR was scanned for TLDs yet contained no TLDs. Enable debug logging for this logger for a complete list of JARs that were scanned but no TLDs were found in them. Skipping unneeded JARs during scanning can improve startup time and JSP compilation time.
17-Dec-2018 09:22:46.476 INFOS [http-nio-8080-exec-58] org.apache.catalina.core.StandardContext.reload Le rechargement de ce contexte est terminé
17-Dec-2018 09:22:46.707 INFOS [http-nio-8080-exec-52] org.apache.catalina.core.StandardContext.reload Le rechargement du contexte [/NotreApplication] a démarré
17-Dec-2018 09:22:57.678 INFOS [http-nio-8080-exec-52] org.apache.jasper.servlet.TldScanner.scanJars At least one JAR was scanned for TLDs yet contained no TLDs. Enable debug logging for this logger for a complete list of JARs that were scanned but no TLDs were found in them. Skipping unneeded JARs during scanning can improve startup time and JSP compilation time.
17-Dec-2018 09:22:57.728 INFOS [http-nio-8080-exec-52] org.apache.catalina.core.StandardContext.reload Le rechargement de ce contexte est terminé
17-Dec-2018 09:23:03.144 INFOS [http-nio-8080-exec-57] org.apache.catalina.core.StandardContext.reload Le rechargement du contexte [/NotreApplication] a démarré
17-Dec-2018 09:23:16.625 INFOS [http-nio-8080-exec-57] org.apache.jasper.servlet.TldScanner.scanJars At least one JAR was scanned for TLDs yet contained no TLDs. Enable debug logging for this logger for a complete list of JARs that were scanned but no TLDs were found in them. Skipping unneeded JARs during scanning can improve startup time and JSP compilation time.
17-Dec-2018 09:23:16.667 INFOS [http-nio-8080-exec-57] org.apache.catalina.core.StandardContext.reload Le rechargement de ce contexte est terminé
17-Dec-2018 09:23:16.897 INFOS [http-nio-8080-exec-64] org.apache.catalina.core.StandardContext.reload Le rechargement du contexte [/NotreApplication] a démarré
17-Dec-2018 09:23:28.503 INFOS [http-nio-8080-exec-64] org.apache.jasper.servlet.TldScanner.scanJars At least one JAR was scanned for TLDs yet contained no TLDs. Enable debug logging for this logger for a complete list of JARs that were scanned but no TLDs were found in them. Skipping unneeded JARs during scanning can improve startup time and JSP compilation time.
17-Dec-2018 09:23:28.542 INFOS [http-nio-8080-exec-64] org.apache.catalina.core.StandardContext.reload Le rechargement de ce contexte est terminé
17-Dec-2018 09:24:01.518 INFOS [http-nio-8080-exec-68] org.apache.catalina.core.StandardContext.reload Le rechargement du contexte [/NotreApplication] a démarré
17-Dec-2018 09:24:13.749 INFOS [http-nio-8080-exec-68] org.apache.jasper.servlet.TldScanner.scanJars At least one JAR was scanned for TLDs yet contained no TLDs. Enable debug logging for this logger for a complete list of JARs that were scanned but no TLDs were found in them. Skipping unneeded JARs during scanning can improve startup time and JSP compilation time.
17-Dec-2018 09:24:13.798 INFOS [http-nio-8080-exec-68] org.apache.catalina.core.StandardContext.reload Le rechargement de ce contexte est terminé
17-Dec-2018 09:24:14.017 INFOS [http-nio-8080-exec-61] org.apache.catalina.core.StandardContext.reload Le rechargement du contexte [/NotreApplication] a démarré
17-Dec-2018 09:24:25.224 INFOS [http-nio-8080-exec-61] org.apache.jasper.servlet.TldScanner.scanJars At least one JAR was scanned for TLDs yet contained no TLDs. Enable debug logging for this logger for a complete list of JARs that were scanned but no TLDs were found in them. Skipping unneeded JARs during scanning can improve startup time and JSP compilation time.
17-Dec-2018 09:24:25.283 INFOS [http-nio-8080-exec-61] org.apache.catalina.core.StandardContext.reload Le rechargement de ce contexte est terminé
17-Dec-2018 09:24:25.667 INFOS [http-nio-8080-exec-63] org.apache.catalina.core.StandardContext.reload Le rechargement du contexte [/NotreApplication] a démarré
17-Dec-2018 09:24:38.865 INFOS [http-nio-8080-exec-63] org.apache.jasper.servlet.TldScanner.scanJars At least one JAR was scanned for TLDs yet contained no TLDs. Enable debug logging for this logger for a complete list of JARs that were scanned but no TLDs were found in them. Skipping unneeded JARs during scanning can improve startup time and JSP compilation time.
17-Dec-2018 09:24:38.905 INFOS [http-nio-8080-exec-63] org.apache.catalina.core.StandardContext.reload Le rechargement de ce contexte est terminé
17-Dec-2018 09:26:22.855 INFOS [http-nio-8080-exec-71] org.apache.catalina.core.StandardContext.reload Le rechargement du contexte [/NotreApplication] a démarré
17-Dec-2018 09:26:36.351 INFOS [http-nio-8080-exec-71] org.apache.jasper.servlet.TldScanner.scanJars At least one JAR was scanned for TLDs yet contained no TLDs. Enable debug logging for this logger for a complete list of JARs that were scanned but no TLDs were found in them. Skipping unneeded JARs during scanning can improve startup time and JSP compilation time.
17-Dec-2018 09:26:36.391 INFOS [http-nio-8080-exec-71] org.apache.catalina.core.StandardContext.reload Le rechargement de ce contexte est terminé
17-Dec-2018 09:26:36.591 INFOS [http-nio-8080-exec-73] org.apache.catalina.core.StandardContext.reload Le rechargement du contexte [/NotreApplication] a démarré
17-Dec-2018 09:26:49.319 INFOS [http-nio-8080-exec-73] org.apache.jasper.servlet.TldScanner.scanJars At least one JAR was scanned for TLDs yet contained no TLDs. Enable debug logging for this logger for a complete list of JARs that were scanned but no TLDs were found in them. Skipping unneeded JARs during scanning can improve startup time and JSP compilation time.
17-Dec-2018 09:26:49.374 INFOS [http-nio-8080-exec-73] org.apache.catalina.core.StandardContext.reload Le rechargement de ce contexte est terminé
17-Dec-2018 09:27:06.395 INFOS [http-nio-8080-exec-75] org.apache.catalina.core.StandardContext.reload Le rechargement du contexte [/NotreApplication] a démarré
17-Dec-2018 09:27:18.621 INFOS [http-nio-8080-exec-75] org.apache.jasper.servlet.TldScanner.scanJars At least one JAR was scanned for TLDs yet contained no TLDs. Enable debug logging for this logger for a complete list of JARs that were scanned but no TLDs were found in them. Skipping unneeded JARs during scanning can improve startup time and JSP compilation time.
17-Dec-2018 09:27:18.667 INFOS [http-nio-8080-exec-75] org.apache.catalina.core.StandardContext.reload Le rechargement de ce contexte est terminé
17-Dec-2018 09:27:18.860 INFOS [http-nio-8080-exec-77] org.apache.catalina.core.StandardContext.reload Le rechargement du contexte [/NotreApplication] a démarré
17-Dec-2018 09:27:30.914 INFOS [http-nio-8080-exec-77] org.apache.jasper.servlet.TldScanner.scanJars At least one JAR was scanned for TLDs yet contained no TLDs. Enable debug logging for this logger for a complete list of JARs that were scanned but no TLDs were found in them. Skipping unneeded JARs during scanning can improve startup time and JSP compilation time.
17-Dec-2018 09:27:30.973 INFOS [http-nio-8080-exec-77] org.apache.catalina.core.StandardContext.reload Le rechargement de ce contexte est terminé
17-Dec-2018 09:27:31.251 INFOS [http-nio-8080-exec-72] org.apache.catalina.core.StandardContext.reload Le rechargement du contexte [/NotreApplication] a démarré
17-Dec-2018 09:27:44.498 INFOS [http-nio-8080-exec-72] org.apache.jasper.servlet.TldScanner.scanJars At least one JAR was scanned for TLDs yet contained no TLDs. Enable debug logging for this logger for a complete list of JARs that were scanned but no TLDs were found in them. Skipping unneeded JARs during scanning can improve startup time and JSP compilation time.
17-Dec-2018 09:27:44.558 INFOS [http-nio-8080-exec-72] org.apache.catalina.core.StandardContext.reload Le rechargement de ce contexte est terminé
17-Dec-2018 09:27:50.040 INFOS [http-nio-8080-exec-81] org.apache.catalina.core.StandardContext.reload Le rechargement du contexte [/NotreApplication] a démarré
17-Dec-2018 09:28:01.247 INFOS [http-nio-8080-exec-81] org.apache.jasper.servlet.TldScanner.scanJars At least one JAR was scanned for TLDs yet contained no TLDs. Enable debug logging for this logger for a complete list of JARs that were scanned but no TLDs were found in them. Skipping unneeded JARs during scanning can improve startup time and JSP compilation time.
17-Dec-2018 09:28:01.293 INFOS [http-nio-8080-exec-81] org.apache.catalina.core.StandardContext.reload Le rechargement de ce contexte est terminé
17-Dec-2018 09:28:07.303 INFOS [http-nio-8080-exec-83] org.apache.catalina.core.StandardContext.reload Le rechargement du contexte [/NotreApplication] a démarré
17-Dec-2018 09:28:19.793 INFOS [http-nio-8080-exec-83] org.apache.jasper.servlet.TldScanner.scanJars At least one JAR was scanned for TLDs yet contained no TLDs. Enable debug logging for this logger for a complete list of JARs that were scanned but no TLDs were found in them. Skipping unneeded JARs during scanning can improve startup time and JSP compilation time.
17-Dec-2018 09:28:19.851 INFOS [http-nio-8080-exec-83] org.apache.catalina.core.StandardContext.reload Le rechargement de ce contexte est terminé
17-Dec-2018 09:28:20.059 INFOS [http-nio-8080-exec-78] org.apache.catalina.core.StandardContext.reload Le rechargement du contexte [/NotreApplication] a démarré
17-Dec-2018 09:28:31.769 INFOS [http-nio-8080-exec-78] org.apache.jasper.servlet.TldScanner.scanJars At least one JAR was scanned for TLDs yet contained no TLDs. Enable debug logging for this logger for a complete list of JARs that were scanned but no TLDs were found in them. Skipping unneeded JARs during scanning can improve startup time and JSP compilation time.
17-Dec-2018 09:28:31.812 INFOS [http-nio-8080-exec-78] org.apache.catalina.core.StandardContext.reload Le rechargement de ce contexte est terminé
17-Dec-2018 09:28:31.990 INFOS [http-nio-8080-exec-60] org.apache.catalina.core.StandardContext.reload Le rechargement du contexte [/NotreApplication] a démarré
17-Dec-2018 09:28:44.808 INFOS [http-nio-8080-exec-60] org.apache.jasper.servlet.TldScanner.scanJars At least one JAR was scanned for TLDs yet contained no TLDs. Enable debug logging for this logger for a complete list of JARs that were scanned but no TLDs were found in them. Skipping unneeded JARs during scanning can improve startup time and JSP compilation time.
17-Dec-2018 09:28:44.867 INFOS [http-nio-8080-exec-60] org.apache.catalina.core.StandardContext.reload Le rechargement de ce contexte est terminé
17-Dec-2018 09:28:45.123 INFOS [http-nio-8080-exec-65] org.apache.catalina.core.StandardContext.reload Le rechargement du contexte [/NotreApplication] a démarré
17-Dec-2018 09:28:57.994 INFOS [http-nio-8080-exec-65] org.apache.jasper.servlet.TldScanner.scanJars At least one JAR was scanned for TLDs yet contained no TLDs. Enable debug logging for this logger for a complete list of JARs that were scanned but no TLDs were found in them. Skipping unneeded JARs during scanning can improve startup time and JSP compilation time.
17-Dec-2018 09:28:58.033 INFOS [http-nio-8080-exec-65] org.apache.catalina.core.StandardContext.reload Le rechargement de ce contexte est terminé
17-Dec-2018 09:32:06.767 INFOS [http-nio-8080-exec-87] org.apache.catalina.core.StandardContext.reload Le rechargement du contexte [/NotreApplication] a démarré
17-Dec-2018 09:32:17.767 INFOS [http-nio-8080-exec-87] org.apache.jasper.servlet.TldScanner.scanJars At least one JAR was scanned for TLDs yet contained no TLDs. Enable debug logging for this logger for a complete list of JARs that were scanned but no TLDs were found in them. Skipping unneeded JARs during scanning can improve startup time and JSP compilation time.
17-Dec-2018 09:32:17.813 INFOS [http-nio-8080-exec-87] org.apache.catalina.core.StandardContext.reload Le rechargement de ce contexte est terminé
17-Dec-2018 09:32:17.818 INFOS [http-nio-8080-exec-94] org.apache.catalina.core.StandardContext.reload Le rechargement du contexte [/NotreApplication] a démarré
17-Dec-2018 09:32:30.087 INFOS [http-nio-8080-exec-94] org.apache.jasper.servlet.TldScanner.scanJars At least one JAR was scanned for TLDs yet contained no TLDs. Enable debug logging for this logger for a complete list of JARs that were scanned but no TLDs were found in them. Skipping unneeded JARs during scanning can improve startup time and JSP compilation time.
17-Dec-2018 09:32:30.144 INFOS [http-nio-8080-exec-94] org.apache.catalina.core.StandardContext.reload Le rechargement de ce contexte est terminé
17-Dec-2018 09:37:06.554 AVERTISSEMENT [http-nio-8080-exec-105] org.apache.catalina.loader.WebappClassLoaderBase.clearReferencesJdbc The web application [NotreApplication] registered the JDBC driver [oracle.jdbc.OracleDriver] but failed to unregister it when the web application was stopped. To prevent a memory leak, the JDBC Driver has been forcibly unregistered.
17-Dec-2018 09:37:10.070 INFOS [ContainerBackgroundProcessor[StandardEngine[Catalina]]] org.apache.catalina.startup.HostConfig.reload Reloading context [/NotreApplication]
17-Dec-2018 09:37:18.286 INFOS [http-nio-8080-exec-108] org.apache.jasper.servlet.TldScanner.scanJars At least one JAR was scanned for TLDs yet contained no TLDs. Enable debug logging for this logger for a complete list of JARs that were scanned but no TLDs were found in them. Skipping unneeded JARs during scanning can improve startup time and JSP compilation time.
17-Dec-2018 09:37:18.347 INFOS [ContainerBackgroundProcessor[StandardEngine[Catalina]]] org.apache.catalina.util.LifecycleBase.start The start() method was called on component [StandardEngine[Catalina].StandardHost[localhost].StandardContext[/NotreApplication]] after start() had already been called. The second call will be ignored.
17-Dec-2018 09:37:38.979 INFOS [ContainerBackgroundProcessor[StandardEngine[Catalina]]] org.apache.catalina.startup.HostConfig.reload Reloading context [/NotreApplication]
17-Dec-2018 09:37:41.958 INFOS [http-nio-8080-exec-99] org.apache.jasper.servlet.TldScanner.scanJars At least one JAR was scanned for TLDs yet contained no TLDs. Enable debug logging for this logger for a complete list of JARs that were scanned but no TLDs were found in them. Skipping unneeded JARs during scanning can improve startup time and JSP compilation time.
17-Dec-2018 09:37:41.999 INFOS [ContainerBackgroundProcessor[StandardEngine[Catalina]]] org.apache.catalina.util.LifecycleBase.start The start() method was called on component [StandardEngine[Catalina].StandardHost[localhost].StandardContext[/NotreApplication]] after start() had already been called. The second call will be ignored.
17-Dec-2018 09:39:35.999 INFOS [ContainerBackgroundProcessor[StandardEngine[Catalina]]] org.apache.catalina.startup.HostConfig.reload Reloading context [/NotreApplication]
17-Dec-2018 09:39:39.100 INFOS [http-nio-8080-exec-111] org.apache.jasper.servlet.TldScanner.scanJars At least one JAR was scanned for TLDs yet contained no TLDs. Enable debug logging for this logger for a complete list of JARs that were scanned but no TLDs were found in them. Skipping unneeded JARs during scanning can improve startup time and JSP compilation time.
17-Dec-2018 09:39:39.141 INFOS [ContainerBackgroundProcessor[StandardEngine[Catalina]]] org.apache.catalina.util.LifecycleBase.start The start() method was called on component [StandardEngine[Catalina].StandardHost[localhost].StandardContext[/NotreApplication]] after start() had already been called. The second call will be ignored.
17-Dec-2018 09:39:55.515 INFOS [http-nio-8080-exec-111] org.apache.jasper.servlet.TldScanner.scanJars At least one JAR was scanned for TLDs yet contained no TLDs. Enable debug logging for this logger for a complete list of JARs that were scanned but no TLDs were found in them. Skipping unneeded JARs during scanning can improve startup time and JSP compilation time.
17-Dec-2018 09:42:13.858 INFOS [ContainerBackgroundProcessor[StandardEngine[Catalina]]] org.apache.catalina.startup.HostConfig.reload Reloading context [/NotreApplication]
17-Dec-2018 09:42:21.010 INFOS [http-nio-8080-exec-123] org.apache.jasper.servlet.TldScanner.scanJars At least one JAR was scanned for TLDs yet contained no TLDs. Enable debug logging for this logger for a complete list of JARs that were scanned but no TLDs were found in them. Skipping unneeded JARs during scanning can improve startup time and JSP compilation time.
17-Dec-2018 09:42:21.057 INFOS [ContainerBackgroundProcessor[StandardEngine[Catalina]]] org.apache.catalina.util.LifecycleBase.start The start() method was called on component [StandardEngine[Catalina].StandardHost[localhost].StandardContext[/NotreApplication]] after start() had already been called. The second call will be ignored.
17-Dec-2018 09:42:31.308 INFOS [ContainerBackgroundProcessor[StandardEngine[Catalina]]] org.apache.catalina.startup.HostConfig.reload Reloading context [/NotreApplication]
17-Dec-2018 09:42:36.294 INFOS [http-nio-8080-exec-129] org.apache.jasper.servlet.TldScanner.scanJars At least one JAR was scanned for TLDs yet contained no TLDs. Enable debug logging for this logger for a complete list of JARs that were scanned but no TLDs were found in them. Skipping unneeded JARs during scanning can improve startup time and JSP compilation time.
17-Dec-2018 09:42:36.338 INFOS [ContainerBackgroundProcessor[StandardEngine[Catalina]]] org.apache.catalina.util.LifecycleBase.start The start() method was called on component [StandardEngine[Catalina].StandardHost[localhost].StandardContext[/NotreApplication]] after start() had already been called. The second call will be ignored.
17-Dec-2018 09:42:46.649 INFOS [ContainerBackgroundProcessor[StandardEngine[Catalina]]] org.apache.catalina.startup.HostConfig.reload Reloading context [/NotreApplication]
17-Dec-2018 09:42:46.649 INFOS [ContainerBackgroundProcessor[StandardEngine[Catalina]]] org.apache.catalina.core.StandardContext.reload Le rechargement du contexte [/NotreApplication] a démarré
17-Dec-2018 09:42:59.299 INFOS [ContainerBackgroundProcessor[StandardEngine[Catalina]]] org.apache.jasper.servlet.TldScanner.scanJars At least one JAR was scanned for TLDs yet contained no TLDs. Enable debug logging for this logger for a complete list of JARs that were scanned but no TLDs were found in them. Skipping unneeded JARs during scanning can improve startup time and JSP compilation time.
17-Dec-2018 09:42:59.358 INFOS [ContainerBackgroundProcessor[StandardEngine[Catalina]]] org.apache.catalina.core.StandardContext.reload Le rechargement de ce contexte est terminé
17-Dec-2018 09:43:11.257 INFOS [http-nio-8080-exec-128] org.apache.jasper.servlet.TldScanner.scanJars At least one JAR was scanned for TLDs yet contained no TLDs. Enable debug logging for this logger for a complete list of JARs that were scanned but no TLDs were found in them. Skipping unneeded JARs during scanning can improve startup time and JSP compilation time.
17-Dec-2018 09:43:40.488 INFOS [ContainerBackgroundProcessor[StandardEngine[Catalina]]] org.apache.catalina.startup.HostConfig.reload Reloading context [/NotreApplication]
17-Dec-2018 09:43:50.646 INFOS [http-nio-8080-exec-134] org.apache.jasper.servlet.TldScanner.scanJars At least one JAR was scanned for TLDs yet contained no TLDs. Enable debug logging for this logger for a complete list of JARs that were scanned but no TLDs were found in them. Skipping unneeded JARs during scanning can improve startup time and JSP compilation time.
17-Dec-2018 09:43:50.693 INFOS [ContainerBackgroundProcessor[StandardEngine[Catalina]]] org.apache.catalina.util.LifecycleBase.start The start() method was called on component [StandardEngine[Catalina].StandardHost[localhost].StandardContext[/NotreApplication]] after start() had already been called. The second call will be ignored.
17-Dec-2018 09:44:11.519 INFOS [http-nio-8080-exec-126] org.apache.jasper.servlet.TldScanner.scanJars At least one JAR was scanned for TLDs yet contained no TLDs. Enable debug logging for this logger for a complete list of JARs that were scanned but no TLDs were found in them. Skipping unneeded JARs during scanning can improve startup time and JSP compilation time.
17-Dec-2018 09:45:40.157 INFOS [http-nio-8080-exec-144] org.apache.catalina.core.StandardContext.reload Le rechargement du contexte [/NotreApplication] a démarré
17-Dec-2018 09:45:40.712 AVERTISSEMENT [http-nio-8080-exec-144] org.apache.catalina.loader.WebappClassLoaderBase.clearReferencesJdbc The web application [NotreApplication] registered the JDBC driver [oracle.jdbc.OracleDriver] but failed to unregister it when the web application was stopped. To prevent a memory leak, the JDBC Driver has been forcibly unregistered.
17-Dec-2018 09:45:54.002 INFOS [http-nio-8080-exec-144] org.apache.jasper.servlet.TldScanner.scanJars At least one JAR was scanned for TLDs yet contained no TLDs. Enable debug logging for this logger for a complete list of JARs that were scanned but no TLDs were found in them. Skipping unneeded JARs during scanning can improve startup time and JSP compilation time.
17-Dec-2018 09:45:54.054 INFOS [http-nio-8080-exec-144] org.apache.catalina.core.StandardContext.reload Le rechargement de ce contexte est terminé
17-Dec-2018 09:46:45.041 INFOS [http-nio-8080-exec-150] org.apache.catalina.core.StandardContext.reload Le rechargement du contexte [/NotreApplication] a démarré
17-Dec-2018 09:46:56.370 INFOS [http-nio-8080-exec-150] org.apache.jasper.servlet.TldScanner.scanJars At least one JAR was scanned for TLDs yet contained no TLDs. Enable debug logging for this logger for a complete list of JARs that were scanned but no TLDs were found in them. Skipping unneeded JARs during scanning can improve startup time and JSP compilation time.
17-Dec-2018 09:46:56.418 INFOS [http-nio-8080-exec-150] org.apache.catalina.core.StandardContext.reload Le rechargement de ce contexte est terminé
17-Dec-2018 09:46:56.422 INFOS [http-nio-8080-exec-143] org.apache.catalina.core.StandardContext.reload Le rechargement du contexte [/NotreApplication] a démarré
17-Dec-2018 09:47:07.175 INFOS [http-nio-8080-exec-143] org.apache.jasper.servlet.TldScanner.scanJars At least one JAR was scanned for TLDs yet contained no TLDs. Enable debug logging for this logger for a complete list of JARs that were scanned but no TLDs were found in them. Skipping unneeded JARs during scanning can improve startup time and JSP compilation time.
17-Dec-2018 09:47:07.237 INFOS [http-nio-8080-exec-143] org.apache.catalina.core.StandardContext.reload Le rechargement de ce contexte est terminé
17-Dec-2018 09:49:10.788 INFOS [http-nio-8080-exec-156] org.apache.catalina.core.StandardContext.reload Le rechargement du contexte [/NotreApplication] a démarré
17-Dec-2018 09:49:11.159 AVERTISSEMENT [http-nio-8080-exec-156] org.apache.catalina.loader.WebappClassLoaderBase.clearReferencesJdbc The web application [NotreApplication] registered the JDBC driver [oracle.jdbc.OracleDriver] but failed to unregister it when the web application was stopped. To prevent a memory leak, the JDBC Driver has been forcibly unregistered.
17-Dec-2018 09:49:22.676 INFOS [http-nio-8080-exec-156] org.apache.jasper.servlet.TldScanner.scanJars At least one JAR was scanned for TLDs yet contained no TLDs. Enable debug logging for this logger for a complete list of JARs that were scanned but no TLDs were found in them. Skipping unneeded JARs during scanning can improve startup time and JSP compilation time.
17-Dec-2018 09:49:22.727 INFOS [http-nio-8080-exec-156] org.apache.catalina.core.StandardContext.reload Le rechargement de ce contexte est terminé
17-Dec-2018 09:49:22.733 INFOS [http-nio-8080-exec-163] org.apache.catalina.core.StandardContext.reload Le rechargement du contexte [/NotreApplication] a démarré
17-Dec-2018 09:49:35.329 INFOS [http-nio-8080-exec-163] org.apache.jasper.servlet.TldScanner.scanJars At least one JAR was scanned for TLDs yet contained no TLDs. Enable debug logging for this logger for a complete list of JARs that were scanned but no TLDs were found in them. Skipping unneeded JARs during scanning can improve startup time and JSP compilation time.
17-Dec-2018 09:49:35.384 INFOS [http-nio-8080-exec-163] org.apache.catalina.core.StandardContext.reload Le rechargement de ce contexte est terminé
17-Dec-2018 09:49:35.389 INFOS [http-nio-8080-exec-164] org.apache.catalina.core.StandardContext.reload Le rechargement du contexte [/NotreApplication] a démarré
17-Dec-2018 09:49:48.109 INFOS [http-nio-8080-exec-164] org.apache.jasper.servlet.TldScanner.scanJars At least one JAR was scanned for TLDs yet contained no TLDs. Enable debug logging for this logger for a complete list of JARs that were scanned but no TLDs were found in them. Skipping unneeded JARs during scanning can improve startup time and JSP compilation time.
17-Dec-2018 09:49:48.157 INFOS [http-nio-8080-exec-164] org.apache.catalina.core.StandardContext.reload Le rechargement de ce contexte est terminé
17-Dec-2018 09:49:52.064 GRAVE [http-nio-8080-exec-153] mesServ.MaServlet.processRequest null
 java.sql.SQLException: L'URL Oracle indiquée n'est pas valide: OracleDataSource.makeURL
	at oracle.jdbc.pool.OracleDataSource.makeURL(OracleDataSource.java:1284)
	at oracle.jdbc.pool.OracleDataSource.getConnection(OracleDataSource.java:216)
	at oracle.jdbc.pool.OracleDataSource.getConnection(OracleDataSource.java:198)
	at oracle.jdbc.pool.OracleDataSource.getConnection(OracleDataSource.java:176)
	at mesServ.MaServlet.processRequest(MaServlet.java:44)
	at mesServ.MaServlet.doGet(MaServlet.java:76)
	at javax.servlet.http.HttpServlet.service(HttpServlet.java:635)
	at javax.servlet.http.HttpServlet.service(HttpServlet.java:742)
	at org.apache.catalina.core.ApplicationFilterChain.internalDoFilter(ApplicationFilterChain.java:231)
	at org.apache.catalina.core.ApplicationFilterChain.doFilter(ApplicationFilterChain.java:166)
	at org.apache.tomcat.websocket.server.WsFilter.doFilter(WsFilter.java:52)
	at org.apache.catalina.core.ApplicationFilterChain.internalDoFilter(ApplicationFilterChain.java:193)
	at org.apache.catalina.core.ApplicationFilterChain.doFilter(ApplicationFilterChain.java:166)
	at org.apache.catalina.core.StandardWrapperValve.invoke(StandardWrapperValve.java:198)
	at org.apache.catalina.core.StandardContextValve.invoke(StandardContextValve.java:96)
	at org.apache.catalina.authenticator.AuthenticatorBase.invoke(AuthenticatorBase.java:493)
	at org.apache.catalina.core.StandardHostValve.invoke(StandardHostValve.java:140)
	at org.apache.catalina.valves.ErrorReportValve.invoke(ErrorReportValve.java:81)
	at org.apache.catalina.valves.AbstractAccessLogValve.invoke(AbstractAccessLogValve.java:650)
	at org.apache.catalina.core.StandardEngineValve.invoke(StandardEngineValve.java:87)
	at org.apache.catalina.connector.CoyoteAdapter.service(CoyoteAdapter.java:342)
	at org.apache.coyote.http11.Http11Processor.service(Http11Processor.java:800)
	at org.apache.coyote.AbstractProcessorLight.process(AbstractProcessorLight.java:66)
	at org.apache.coyote.AbstractProtocol$ConnectionHandler.process(AbstractProtocol.java:806)
	at org.apache.tomcat.util.net.NioEndpoint$SocketProcessor.doRun(NioEndpoint.java:1498)
	at org.apache.tomcat.util.net.SocketProcessorBase.run(SocketProcessorBase.java:49)
	at java.util.concurrent.ThreadPoolExecutor.runWorker(ThreadPoolExecutor.java:1149)
	at java.util.concurrent.ThreadPoolExecutor$Worker.run(ThreadPoolExecutor.java:624)
	at org.apache.tomcat.util.threads.TaskThread$WrappingRunnable.run(TaskThread.java:61)
	at java.lang.Thread.run(Thread.java:748)

17-Dec-2018 09:51:36.919 INFOS [main] org.apache.catalina.core.StandardServer.await A valid shutdown command was received via the shutdown port. Stopping the Server instance.
17-Dec-2018 09:51:36.919 INFOS [main] org.apache.coyote.AbstractProtocol.pause Pausing ProtocolHandler ["http-nio-8080"]
17-Dec-2018 09:51:36.962 INFOS [main] org.apache.coyote.AbstractProtocol.pause Pausing ProtocolHandler ["ajp-nio-8009"]
17-Dec-2018 09:51:37.009 INFOS [main] org.apache.catalina.core.StandardService.stopInternal Arrêt du service [Catalina]
17-Dec-2018 09:51:37.856 AVERTISSEMENT [localhost-startStop-2] org.apache.catalina.loader.WebappClassLoaderBase.clearReferencesJdbc The web application [NotreApplication] registered the JDBC driver [oracle.jdbc.OracleDriver] but failed to unregister it when the web application was stopped. To prevent a memory leak, the JDBC Driver has been forcibly unregistered.
17-Dec-2018 09:51:37.881 INFOS [main] org.apache.coyote.AbstractProtocol.stop Stopping ProtocolHandler ["http-nio-8080"]
17-Dec-2018 09:51:37.886 INFOS [main] org.apache.coyote.AbstractProtocol.stop Stopping ProtocolHandler ["ajp-nio-8009"]
17-Dec-2018 09:51:37.889 INFOS [main] org.apache.coyote.AbstractProtocol.destroy Destroying ProtocolHandler ["http-nio-8080"]
17-Dec-2018 09:51:37.892 INFOS [main] org.apache.coyote.AbstractProtocol.destroy Destroying ProtocolHandler ["ajp-nio-8009"]
