17-Dec-2018 08:48:11.118 INFOS [http-nio-8080-exec-3] org.apache.catalina.core.ApplicationContext.log Manager: init: Associated with Deployer 'Catalina:type=Deployer,host=localhost'
17-Dec-2018 08:48:11.118 INFOS [http-nio-8080-exec-3] org.apache.catalina.core.ApplicationContext.log Manager: init: Global resources are available
17-Dec-2018 08:48:14.691 INFOS [http-nio-8080-exec-4] org.apache.catalina.core.ApplicationContext.log Manager: list: Listing contexts for virtual host 'localhost'
17-Dec-2018 08:48:14.706 INFOS [http-nio-8080-exec-6] org.apache.catalina.core.ApplicationContext.log Manager: list: Listing contexts for virtual host 'localhost'
17-Dec-2018 08:48:14.753 INFOS [http-nio-8080-exec-2] org.apache.catalina.core.ApplicationContext.log Manager: install: Installing context configuration at 'file:/C:/Users/p1702174/AppData/Local/Temp/context5326652736506379318.xml'
17-Dec-2018 08:48:15.502 INFOS [http-nio-8080-exec-8] org.apache.catalina.core.ApplicationContext.log Manager: start: Starting web application '/NotreApplication'
17-Dec-2018 08:51:27.867 INFOS [http-nio-8080-exec-8] org.apache.catalina.core.ApplicationContext.log Manager: list: Listing contexts for virtual host 'localhost'
17-Dec-2018 08:51:27.867 INFOS [http-nio-8080-exec-10] org.apache.catalina.core.ApplicationContext.log Manager: list: Listing contexts for virtual host 'localhost'
17-Dec-2018 08:55:20.322 INFOS [http-nio-8080-exec-4] org.apache.catalina.core.ApplicationContext.log Manager: list: Listing contexts for virtual host 'localhost'
17-Dec-2018 08:55:20.478 INFOS [http-nio-8080-exec-2] org.apache.catalina.core.ApplicationContext.log Manager: restart: Reloading web application '/NotreApplication'
17-Dec-2018 08:55:21.570 INFOS [http-nio-8080-exec-4] org.apache.catalina.core.ApplicationContext.log Manager: list: Listing contexts for virtual host 'localhost'
17-Dec-2018 08:55:21.633 INFOS [http-nio-8080-exec-6] org.apache.catalina.core.ApplicationContext.log Manager: restart: Reloading web application '/NotreApplication'
17-Dec-2018 08:56:59.117 INFOS [http-nio-8080-exec-7] org.apache.catalina.core.ApplicationContext.log Manager: list: Listing contexts for virtual host 'localhost'
17-Dec-2018 08:56:59.289 INFOS [http-nio-8080-exec-8] org.apache.catalina.core.ApplicationContext.log Manager: restart: Reloading web application '/NotreApplication'
17-Dec-2018 08:57:00.427 INFOS [http-nio-8080-exec-6] org.apache.catalina.core.ApplicationContext.log Manager: list: Listing contexts for virtual host 'localhost'
17-Dec-2018 08:57:00.568 INFOS [http-nio-8080-exec-10] org.apache.catalina.core.ApplicationContext.log Manager: restart: Reloading web application '/NotreApplication'
17-Dec-2018 08:57:50.191 INFOS [http-nio-8080-exec-15] org.apache.catalina.core.ApplicationContext.log Manager: list: Listing contexts for virtual host 'localhost'
17-Dec-2018 08:57:50.347 INFOS [http-nio-8080-exec-9] org.apache.catalina.core.ApplicationContext.log Manager: restart: Reloading web application '/NotreApplication'
17-Dec-2018 08:57:51.486 INFOS [http-nio-8080-exec-16] org.apache.catalina.core.ApplicationContext.log Manager: list: Listing contexts for virtual host 'localhost'
17-Dec-2018 08:57:51.580 INFOS [http-nio-8080-exec-6] org.apache.catalina.core.ApplicationContext.log Manager: restart: Reloading web application '/NotreApplication'
17-Dec-2018 08:58:43.200 INFOS [http-nio-8080-exec-17] org.apache.catalina.core.ApplicationContext.log Manager: list: Listing contexts for virtual host 'localhost'
17-Dec-2018 08:58:43.294 INFOS [http-nio-8080-exec-12] org.apache.catalina.core.ApplicationContext.log Manager: restart: Reloading web application '/NotreApplication'
17-Dec-2018 09:00:02.325 INFOS [http-nio-8080-exec-20] org.apache.catalina.core.ApplicationContext.log Manager: list: Listing contexts for virtual host 'localhost'
17-Dec-2018 09:00:02.403 INFOS [http-nio-8080-exec-18] org.apache.catalina.core.ApplicationContext.log Manager: restart: Reloading web application '/NotreApplication'
17-Dec-2018 09:00:53.337 INFOS [http-nio-8080-exec-23] org.apache.catalina.core.ApplicationContext.log Manager: list: Listing contexts for virtual host 'localhost'
17-Dec-2018 09:00:53.384 INFOS [http-nio-8080-exec-20] org.apache.catalina.core.ApplicationContext.log Manager: restart: Reloading web application '/NotreApplication'
17-Dec-2018 09:01:03.805 INFOS [http-nio-8080-exec-14] org.apache.catalina.core.ApplicationContext.log Manager: list: Listing contexts for virtual host 'localhost'
17-Dec-2018 09:01:03.914 INFOS [http-nio-8080-exec-7] org.apache.catalina.core.ApplicationContext.log Manager: restart: Reloading web application '/NotreApplication'
17-Dec-2018 09:01:15.583 INFOS [http-nio-8080-exec-25] org.apache.catalina.core.ApplicationContext.log Manager: list: Listing contexts for virtual host 'localhost'
17-Dec-2018 09:01:15.692 INFOS [http-nio-8080-exec-21] org.apache.catalina.core.ApplicationContext.log Manager: restart: Reloading web application '/NotreApplication'
17-Dec-2018 09:01:58.764 INFOS [http-nio-8080-exec-24] org.apache.catalina.core.ApplicationContext.log Manager: list: Listing contexts for virtual host 'localhost'
17-Dec-2018 09:01:58.826 INFOS [http-nio-8080-exec-27] org.apache.catalina.core.ApplicationContext.log Manager: restart: Reloading web application '/NotreApplication'
17-Dec-2018 09:04:39.844 INFOS [http-nio-8080-exec-28] org.apache.catalina.core.ApplicationContext.log Manager: list: Listing contexts for virtual host 'localhost'
17-Dec-2018 09:04:39.969 INFOS [http-nio-8080-exec-29] org.apache.catalina.core.ApplicationContext.log Manager: restart: Reloading web application '/NotreApplication'
17-Dec-2018 09:05:14.416 INFOS [http-nio-8080-exec-32] org.apache.catalina.core.ApplicationContext.log Manager: list: Listing contexts for virtual host 'localhost'
17-Dec-2018 09:05:14.509 INFOS [http-nio-8080-exec-30] org.apache.catalina.core.ApplicationContext.log Manager: restart: Reloading web application '/NotreApplication'
17-Dec-2018 09:05:25.975 INFOS [http-nio-8080-exec-33] org.apache.catalina.core.ApplicationContext.log Manager: list: Listing contexts for virtual host 'localhost'
17-Dec-2018 09:05:26.085 INFOS [http-nio-8080-exec-24] org.apache.catalina.core.ApplicationContext.log Manager: restart: Reloading web application '/NotreApplication'
17-Dec-2018 09:06:29.671 INFOS [http-nio-8080-exec-38] org.apache.catalina.core.ApplicationContext.log Manager: list: Listing contexts for virtual host 'localhost'
17-Dec-2018 09:06:29.749 INFOS [http-nio-8080-exec-37] org.apache.catalina.core.ApplicationContext.log Manager: restart: Reloading web application '/NotreApplication'
17-Dec-2018 09:07:06.738 INFOS [http-nio-8080-exec-41] org.apache.catalina.core.ApplicationContext.log Manager: list: Listing contexts for virtual host 'localhost'
17-Dec-2018 09:07:06.831 INFOS [http-nio-8080-exec-28] org.apache.catalina.core.ApplicationContext.log Manager: restart: Reloading web application '/NotreApplication'
17-Dec-2018 09:10:19.807 INFOS [http-nio-8080-exec-42] org.apache.catalina.core.ApplicationContext.log Manager: list: Listing contexts for virtual host 'localhost'
17-Dec-2018 09:10:19.917 INFOS [http-nio-8080-exec-43] org.apache.catalina.core.ApplicationContext.log Manager: restart: Reloading web application '/NotreApplication'
17-Dec-2018 09:21:33.246 INFOS [http-nio-8080-exec-49] org.apache.catalina.core.ApplicationContext.log Manager: list: Listing contexts for virtual host 'localhost'
17-Dec-2018 09:21:33.396 INFOS [http-nio-8080-exec-50] org.apache.catalina.core.ApplicationContext.log Manager: restart: Reloading web application '/NotreApplication'
17-Dec-2018 09:21:45.740 INFOS [http-nio-8080-exec-59] org.apache.catalina.core.ApplicationContext.log Manager: list: Listing contexts for virtual host 'localhost'
17-Dec-2018 09:21:45.840 INFOS [http-nio-8080-exec-54] org.apache.catalina.core.ApplicationContext.log Manager: restart: Reloading web application '/NotreApplication'
17-Dec-2018 09:21:57.917 INFOS [http-nio-8080-exec-51] org.apache.catalina.core.ApplicationContext.log Manager: list: Listing contexts for virtual host 'localhost'
17-Dec-2018 09:21:58.070 INFOS [http-nio-8080-exec-53] org.apache.catalina.core.ApplicationContext.log Manager: restart: Reloading web application '/NotreApplication'
17-Dec-2018 09:22:34.332 INFOS [http-nio-8080-exec-56] org.apache.catalina.core.ApplicationContext.log Manager: list: Listing contexts for virtual host 'localhost'
17-Dec-2018 09:22:34.502 INFOS [http-nio-8080-exec-58] org.apache.catalina.core.ApplicationContext.log Manager: restart: Reloading web application '/NotreApplication'
17-Dec-2018 09:22:46.574 INFOS [http-nio-8080-exec-63] org.apache.catalina.core.ApplicationContext.log Manager: list: Listing contexts for virtual host 'localhost'
17-Dec-2018 09:22:46.707 INFOS [http-nio-8080-exec-52] org.apache.catalina.core.ApplicationContext.log Manager: restart: Reloading web application '/NotreApplication'
17-Dec-2018 09:23:02.912 INFOS [http-nio-8080-exec-65] org.apache.catalina.core.ApplicationContext.log Manager: list: Listing contexts for virtual host 'localhost'
17-Dec-2018 09:23:03.144 INFOS [http-nio-8080-exec-57] org.apache.catalina.core.ApplicationContext.log Manager: restart: Reloading web application '/NotreApplication'
17-Dec-2018 09:23:16.760 INFOS [http-nio-8080-exec-60] org.apache.catalina.core.ApplicationContext.log Manager: list: Listing contexts for virtual host 'localhost'
17-Dec-2018 09:23:16.897 INFOS [http-nio-8080-exec-64] org.apache.catalina.core.ApplicationContext.log Manager: restart: Reloading web application '/NotreApplication'
17-Dec-2018 09:24:01.416 INFOS [http-nio-8080-exec-56] org.apache.catalina.core.ApplicationContext.log Manager: list: Listing contexts for virtual host 'localhost'
17-Dec-2018 09:24:01.518 INFOS [http-nio-8080-exec-68] org.apache.catalina.core.ApplicationContext.log Manager: restart: Reloading web application '/NotreApplication'
17-Dec-2018 09:24:13.914 INFOS [http-nio-8080-exec-65] org.apache.catalina.core.ApplicationContext.log Manager: list: Listing contexts for virtual host 'localhost'
17-Dec-2018 09:24:14.017 INFOS [http-nio-8080-exec-61] org.apache.catalina.core.ApplicationContext.log Manager: restart: Reloading web application '/NotreApplication'
17-Dec-2018 09:24:25.418 INFOS [http-nio-8080-exec-70] org.apache.catalina.core.ApplicationContext.log Manager: list: Listing contexts for virtual host 'localhost'
17-Dec-2018 09:24:25.667 INFOS [http-nio-8080-exec-63] org.apache.catalina.core.ApplicationContext.log Manager: restart: Reloading web application '/NotreApplication'
17-Dec-2018 09:26:22.715 INFOS [http-nio-8080-exec-65] org.apache.catalina.core.ApplicationContext.log Manager: list: Listing contexts for virtual host 'localhost'
17-Dec-2018 09:26:22.855 INFOS [http-nio-8080-exec-71] org.apache.catalina.core.ApplicationContext.log Manager: restart: Reloading web application '/NotreApplication'
17-Dec-2018 09:26:36.479 INFOS [http-nio-8080-exec-75] org.apache.catalina.core.ApplicationContext.log Manager: list: Listing contexts for virtual host 'localhost'
17-Dec-2018 09:26:36.591 INFOS [http-nio-8080-exec-73] org.apache.catalina.core.ApplicationContext.log Manager: restart: Reloading web application '/NotreApplication'
17-Dec-2018 09:27:06.323 INFOS [http-nio-8080-exec-77] org.apache.catalina.core.ApplicationContext.log Manager: list: Listing contexts for virtual host 'localhost'
17-Dec-2018 09:27:06.395 INFOS [http-nio-8080-exec-75] org.apache.catalina.core.ApplicationContext.log Manager: restart: Reloading web application '/NotreApplication'
17-Dec-2018 09:27:18.756 INFOS [http-nio-8080-exec-78] org.apache.catalina.core.ApplicationContext.log Manager: list: Listing contexts for virtual host 'localhost'
17-Dec-2018 09:27:18.860 INFOS [http-nio-8080-exec-77] org.apache.catalina.core.ApplicationContext.log Manager: restart: Reloading web application '/NotreApplication'
17-Dec-2018 09:27:31.108 INFOS [http-nio-8080-exec-60] org.apache.catalina.core.ApplicationContext.log Manager: list: Listing contexts for virtual host 'localhost'
17-Dec-2018 09:27:31.251 INFOS [http-nio-8080-exec-72] org.apache.catalina.core.ApplicationContext.log Manager: restart: Reloading web application '/NotreApplication'
17-Dec-2018 09:27:49.955 INFOS [http-nio-8080-exec-60] org.apache.catalina.core.ApplicationContext.log Manager: list: Listing contexts for virtual host 'localhost'
17-Dec-2018 09:27:50.040 INFOS [http-nio-8080-exec-81] org.apache.catalina.core.ApplicationContext.log Manager: restart: Reloading web application '/NotreApplication'
17-Dec-2018 09:28:07.210 INFOS [http-nio-8080-exec-65] org.apache.catalina.core.ApplicationContext.log Manager: list: Listing contexts for virtual host 'localhost'
17-Dec-2018 09:28:07.303 INFOS [http-nio-8080-exec-83] org.apache.catalina.core.ApplicationContext.log Manager: restart: Reloading web application '/NotreApplication'
17-Dec-2018 09:28:19.957 INFOS [http-nio-8080-exec-84] org.apache.catalina.core.ApplicationContext.log Manager: list: Listing contexts for virtual host 'localhost'
17-Dec-2018 09:28:20.059 INFOS [http-nio-8080-exec-78] org.apache.catalina.core.ApplicationContext.log Manager: restart: Reloading web application '/NotreApplication'
17-Dec-2018 09:28:31.899 INFOS [http-nio-8080-exec-65] org.apache.catalina.core.ApplicationContext.log Manager: list: Listing contexts for virtual host 'localhost'
17-Dec-2018 09:28:31.990 INFOS [http-nio-8080-exec-60] org.apache.catalina.core.ApplicationContext.log Manager: restart: Reloading web application '/NotreApplication'
17-Dec-2018 09:28:44.988 INFOS [http-nio-8080-exec-86] org.apache.catalina.core.ApplicationContext.log Manager: list: Listing contexts for virtual host 'localhost'
17-Dec-2018 09:28:45.123 INFOS [http-nio-8080-exec-65] org.apache.catalina.core.ApplicationContext.log Manager: restart: Reloading web application '/NotreApplication'
17-Dec-2018 09:32:06.698 INFOS [http-nio-8080-exec-93] org.apache.catalina.core.ApplicationContext.log Manager: list: Listing contexts for virtual host 'localhost'
17-Dec-2018 09:32:06.766 INFOS [http-nio-8080-exec-87] org.apache.catalina.core.ApplicationContext.log Manager: restart: Reloading web application '/NotreApplication'
17-Dec-2018 09:32:10.864 INFOS [http-nio-8080-exec-74] org.apache.catalina.core.ApplicationContext.log Manager: list: Listing contexts for virtual host 'localhost'
17-Dec-2018 09:32:10.867 INFOS [http-nio-8080-exec-89] org.apache.catalina.core.ApplicationContext.log Manager: list: Listing contexts for virtual host 'localhost'
17-Dec-2018 09:32:17.818 INFOS [http-nio-8080-exec-94] org.apache.catalina.core.ApplicationContext.log Manager: restart: Reloading web application '/NotreApplication'
17-Dec-2018 09:33:23.945 INFOS [http-nio-8080-exec-96] org.apache.catalina.core.ApplicationContext.log Manager: list: Listing contexts for virtual host 'localhost'
17-Dec-2018 09:33:29.427 INFOS [http-nio-8080-exec-104] org.apache.catalina.core.ApplicationContext.log Manager: list: Listing contexts for virtual host 'localhost'
17-Dec-2018 09:33:29.430 INFOS [http-nio-8080-exec-102] org.apache.catalina.core.ApplicationContext.log Manager: list: Listing contexts for virtual host 'localhost'
17-Dec-2018 09:33:41.003 INFOS [http-nio-8080-exec-103] org.apache.catalina.core.ApplicationContext.log Manager: list: Listing contexts for virtual host 'localhost'
17-Dec-2018 09:33:47.041 INFOS [http-nio-8080-exec-106] org.apache.catalina.core.ApplicationContext.log Manager: list: Listing contexts for virtual host 'localhost'
17-Dec-2018 09:33:47.046 INFOS [http-nio-8080-exec-99] org.apache.catalina.core.ApplicationContext.log Manager: list: Listing contexts for virtual host 'localhost'
17-Dec-2018 09:37:06.094 INFOS [http-nio-8080-exec-102] org.apache.catalina.core.ApplicationContext.log Manager: list: Listing contexts for virtual host 'localhost'
17-Dec-2018 09:37:06.214 INFOS [http-nio-8080-exec-105] org.apache.catalina.core.ApplicationContext.log Manager: stop: Stopping web application '/NotreApplication'
17-Dec-2018 09:37:06.557 INFOS [http-nio-8080-exec-108] org.apache.catalina.core.ApplicationContext.log Manager: start: Starting web application '/NotreApplication'
17-Dec-2018 09:37:30.685 INFOS [http-nio-8080-exec-111] org.apache.catalina.core.ApplicationContext.log Manager: list: Listing contexts for virtual host 'localhost'
17-Dec-2018 09:37:30.743 INFOS [http-nio-8080-exec-100] org.apache.catalina.core.ApplicationContext.log Manager: stop: Stopping web application '/NotreApplication'
17-Dec-2018 09:37:30.753 INFOS [http-nio-8080-exec-99] org.apache.catalina.core.ApplicationContext.log Manager: start: Starting web application '/NotreApplication'
17-Dec-2018 09:39:26.297 INFOS [http-nio-8080-exec-109] org.apache.catalina.core.ApplicationContext.log Manager: list: Listing contexts for virtual host 'localhost'
17-Dec-2018 09:39:26.362 INFOS [http-nio-8080-exec-112] org.apache.catalina.core.ApplicationContext.log Manager: stop: Stopping web application '/NotreApplication'
17-Dec-2018 09:39:26.372 INFOS [http-nio-8080-exec-111] org.apache.catalina.core.ApplicationContext.log Manager: start: Starting web application '/NotreApplication'
17-Dec-2018 09:39:41.196 INFOS [http-nio-8080-exec-110] org.apache.catalina.core.ApplicationContext.log Manager: list: Listing contexts for virtual host 'localhost'
17-Dec-2018 09:39:41.199 INFOS [http-nio-8080-exec-101] org.apache.catalina.core.ApplicationContext.log Manager: list: Listing contexts for virtual host 'localhost'
17-Dec-2018 09:39:42.250 INFOS [http-nio-8080-exec-112] org.apache.catalina.core.ApplicationContext.log Manager: stop: Stopping web application '/NotreApplication'
17-Dec-2018 09:39:42.273 INFOS [http-nio-8080-exec-111] org.apache.catalina.core.ApplicationContext.log Manager: start: Starting web application '/NotreApplication'
17-Dec-2018 09:42:09.289 INFOS [http-nio-8080-exec-127] org.apache.catalina.core.ApplicationContext.log Manager: list: Listing contexts for virtual host 'localhost'
17-Dec-2018 09:42:09.351 INFOS [http-nio-8080-exec-119] org.apache.catalina.core.ApplicationContext.log Manager: stop: Stopping web application '/NotreApplication'
17-Dec-2018 09:42:09.361 INFOS [http-nio-8080-exec-123] org.apache.catalina.core.ApplicationContext.log Manager: start: Starting web application '/NotreApplication'
17-Dec-2018 09:42:23.983 INFOS [http-nio-8080-exec-121] org.apache.catalina.core.ApplicationContext.log Manager: list: Listing contexts for virtual host 'localhost'
17-Dec-2018 09:42:24.099 INFOS [http-nio-8080-exec-130] org.apache.catalina.core.ApplicationContext.log Manager: stop: Stopping web application '/NotreApplication'
17-Dec-2018 09:42:24.107 INFOS [http-nio-8080-exec-129] org.apache.catalina.core.ApplicationContext.log Manager: start: Starting web application '/NotreApplication'
17-Dec-2018 09:42:39.868 INFOS [http-nio-8080-exec-132] org.apache.catalina.core.ApplicationContext.log Manager: list: Listing contexts for virtual host 'localhost'
17-Dec-2018 09:42:53.214 INFOS [http-nio-8080-exec-121] org.apache.catalina.core.ApplicationContext.log Manager: list: Listing contexts for virtual host 'localhost'
17-Dec-2018 09:42:53.352 INFOS [http-nio-8080-exec-122] org.apache.catalina.core.ApplicationContext.log Manager: stop: Stopping web application '/NotreApplication'
17-Dec-2018 09:42:59.371 INFOS [http-nio-8080-exec-128] org.apache.catalina.core.ApplicationContext.log Manager: start: Starting web application '/NotreApplication'
17-Dec-2018 09:43:37.272 INFOS [http-nio-8080-exec-131] org.apache.catalina.core.ApplicationContext.log Manager: list: Listing contexts for virtual host 'localhost'
17-Dec-2018 09:43:37.343 INFOS [http-nio-8080-exec-136] org.apache.catalina.core.ApplicationContext.log Manager: stop: Stopping web application '/NotreApplication'
17-Dec-2018 09:43:37.353 INFOS [http-nio-8080-exec-134] org.apache.catalina.core.ApplicationContext.log Manager: start: Starting web application '/NotreApplication'
17-Dec-2018 09:43:50.801 INFOS [http-nio-8080-exec-137] org.apache.catalina.core.ApplicationContext.log Manager: list: Listing contexts for virtual host 'localhost'
17-Dec-2018 09:43:57.047 INFOS [http-nio-8080-exec-132] org.apache.catalina.core.ApplicationContext.log Manager: list: Listing contexts for virtual host 'localhost'
17-Dec-2018 09:43:57.049 INFOS [http-nio-8080-exec-136] org.apache.catalina.core.ApplicationContext.log Manager: list: Listing contexts for virtual host 'localhost'
17-Dec-2018 09:43:57.863 INFOS [http-nio-8080-exec-137] org.apache.catalina.core.ApplicationContext.log Manager: stop: Stopping web application '/NotreApplication'
17-Dec-2018 09:43:57.879 INFOS [http-nio-8080-exec-126] org.apache.catalina.core.ApplicationContext.log Manager: start: Starting web application '/NotreApplication'
17-Dec-2018 09:44:20.280 INFOS [http-nio-8080-exec-131] org.apache.catalina.core.ApplicationContext.log Manager: list: Listing contexts for virtual host 'localhost'
17-Dec-2018 09:44:26.149 INFOS [http-nio-8080-exec-140] org.apache.catalina.core.ApplicationContext.log Manager: list: Listing contexts for virtual host 'localhost'
17-Dec-2018 09:44:26.152 INFOS [http-nio-8080-exec-142] org.apache.catalina.core.ApplicationContext.log Manager: list: Listing contexts for virtual host 'localhost'
17-Dec-2018 09:45:40.029 INFOS [http-nio-8080-exec-136] org.apache.catalina.core.ApplicationContext.log Manager: list: Listing contexts for virtual host 'localhost'
17-Dec-2018 09:45:40.157 INFOS [http-nio-8080-exec-144] org.apache.catalina.core.ApplicationContext.log Manager: restart: Reloading web application '/NotreApplication'
17-Dec-2018 09:46:44.936 INFOS [http-nio-8080-exec-149] org.apache.catalina.core.ApplicationContext.log Manager: list: Listing contexts for virtual host 'localhost'
17-Dec-2018 09:46:45.041 INFOS [http-nio-8080-exec-150] org.apache.catalina.core.ApplicationContext.log Manager: restart: Reloading web application '/NotreApplication'
17-Dec-2018 09:46:51.958 INFOS [http-nio-8080-exec-145] org.apache.catalina.core.ApplicationContext.log Manager: list: Listing contexts for virtual host 'localhost'
17-Dec-2018 09:46:51.961 INFOS [http-nio-8080-exec-151] org.apache.catalina.core.ApplicationContext.log Manager: list: Listing contexts for virtual host 'localhost'
17-Dec-2018 09:46:56.422 INFOS [http-nio-8080-exec-143] org.apache.catalina.core.ApplicationContext.log Manager: restart: Reloading web application '/NotreApplication'
17-Dec-2018 09:49:10.705 INFOS [http-nio-8080-exec-163] org.apache.catalina.core.ApplicationContext.log Manager: list: Listing contexts for virtual host 'localhost'
17-Dec-2018 09:49:10.788 INFOS [http-nio-8080-exec-156] org.apache.catalina.core.ApplicationContext.log Manager: restart: Reloading web application '/NotreApplication'
17-Dec-2018 09:49:20.240 INFOS [http-nio-8080-exec-161] org.apache.catalina.core.ApplicationContext.log Manager: list: Listing contexts for virtual host 'localhost'
17-Dec-2018 09:49:20.242 INFOS [http-nio-8080-exec-157] org.apache.catalina.core.ApplicationContext.log Manager: list: Listing contexts for virtual host 'localhost'
17-Dec-2018 09:49:22.732 INFOS [http-nio-8080-exec-163] org.apache.catalina.core.ApplicationContext.log Manager: restart: Reloading web application '/NotreApplication'
17-Dec-2018 09:49:22.814 INFOS [http-nio-8080-exec-166] org.apache.catalina.core.ApplicationContext.log Manager: list: Listing contexts for virtual host 'localhost'
17-Dec-2018 09:49:35.389 INFOS [http-nio-8080-exec-164] org.apache.catalina.core.ApplicationContext.log Manager: restart: Reloading web application '/NotreApplication'
